Determining if the pthread_create exist failed with the following output:
Change Dir: /home/shenyu/distributed_robot_sys/build-src-Desktop-Debug/CMakeFiles/CMakeTmp

Run Build Command:/usr/bin/make "cmTryCompileExec245475505/fast"
/usr/bin/make -f CMakeFiles/cmTryCompileExec245475505.dir/build.make CMakeFiles/cmTryCompileExec245475505.dir/build
make[1]: 正在进入目录 `/home/shenyu/distributed_robot_sys/build-src-Desktop-Debug/CMakeFiles/CMakeTmp'
/usr/bin/cmake -E cmake_progress_report /home/shenyu/distributed_robot_sys/build-src-Desktop-Debug/CMakeFiles/CMakeTmp/CMakeFiles 1
Building C object CMakeFiles/cmTryCompileExec245475505.dir/CheckSymbolExists.c.o
/usr/bin/cc    -o CMakeFiles/cmTryCompileExec245475505.dir/CheckSymbolExists.c.o   -c /home/shenyu/distributed_robot_sys/build-src-Desktop-Debug/CMakeFiles/CMakeTmp/CheckSymbolExists.c
Linking C executable cmTryCompileExec245475505
/usr/bin/cmake -E cmake_link_script CMakeFiles/cmTryCompileExec245475505.dir/link.txt --verbose=1
/usr/bin/cc       CMakeFiles/cmTryCompileExec245475505.dir/CheckSymbolExists.c.o  -o cmTryCompileExec245475505 -rdynamic 
CMakeFiles/cmTryCompileExec245475505.dir/CheckSymbolExists.c.o：在函数‘main’中：
CheckSymbolExists.c:(.text+0x16)：对‘pthread_create’未定义的引用
collect2: error: ld returned 1 exit status
make[1]: *** [cmTryCompileExec245475505] 错误 1
make[1]:正在离开目录 `/home/shenyu/distributed_robot_sys/build-src-Desktop-Debug/CMakeFiles/CMakeTmp'
make: *** [cmTryCompileExec245475505/fast] 错误 2

File /home/shenyu/distributed_robot_sys/build-src-Desktop-Debug/CMakeFiles/CMakeTmp/CheckSymbolExists.c:
/* */
#include <pthread.h>

int main(int argc, char** argv)
{
  (void)argv;
#ifndef pthread_create
  return ((int*)(&pthread_create))[argc];
#else
  (void)argc;
  return 0;
#endif
}

Determining if the function pthread_create exists in the pthreads failed with the following output:
Change Dir: /home/shenyu/distributed_robot_sys/build-src-Desktop-Debug/CMakeFiles/CMakeTmp

Run Build Command:/usr/bin/make "cmTryCompileExec246865967/fast"
/usr/bin/make -f CMakeFiles/cmTryCompileExec246865967.dir/build.make CMakeFiles/cmTryCompileExec246865967.dir/build
make[1]: 正在进入目录 `/home/shenyu/distributed_robot_sys/build-src-Desktop-Debug/CMakeFiles/CMakeTmp'
/usr/bin/cmake -E cmake_progress_report /home/shenyu/distributed_robot_sys/build-src-Desktop-Debug/CMakeFiles/CMakeTmp/CMakeFiles 1
Building C object CMakeFiles/cmTryCompileExec246865967.dir/CheckFunctionExists.c.o
/usr/bin/cc   -DCHECK_FUNCTION_EXISTS=pthread_create   -o CMakeFiles/cmTryCompileExec246865967.dir/CheckFunctionExists.c.o   -c /usr/share/cmake-2.8/Modules/CheckFunctionExists.c
Linking C executable cmTryCompileExec246865967
/usr/bin/cmake -E cmake_link_script CMakeFiles/cmTryCompileExec246865967.dir/link.txt --verbose=1
/usr/bin/cc   -DCHECK_FUNCTION_EXISTS=pthread_create    CMakeFiles/cmTryCompileExec246865967.dir/CheckFunctionExists.c.o  -o cmTryCompileExec246865967 -rdynamic -lpthreads 
/usr/bin/ld: 找不到 -lpthreads
collect2: error: ld returned 1 exit status
make[1]: *** [cmTryCompileExec246865967] 错误 1
make[1]:正在离开目录 `/home/shenyu/distributed_robot_sys/build-src-Desktop-Debug/CMakeFiles/CMakeTmp'
make: *** [cmTryCompileExec246865967/fast] 错误 2


