Determining if the pthread_create exist failed with the following output:
Change Dir: /home/shenyu/distributed_robot_sys/src/build-a_robot_platform-Desktop-Debug/CMakeFiles/CMakeTmp

Run Build Command:/usr/bin/make "cmTryCompileExec1949302645/fast"
/usr/bin/make -f CMakeFiles/cmTryCompileExec1949302645.dir/build.make CMakeFiles/cmTryCompileExec1949302645.dir/build
make[1]: 正在进入目录 `/home/shenyu/distributed_robot_sys/src/build-a_robot_platform-Desktop-Debug/CMakeFiles/CMakeTmp'
/usr/bin/cmake -E cmake_progress_report /home/shenyu/distributed_robot_sys/src/build-a_robot_platform-Desktop-Debug/CMakeFiles/CMakeTmp/CMakeFiles 1
Building C object CMakeFiles/cmTryCompileExec1949302645.dir/CheckSymbolExists.c.o
/usr/bin/cc    -o CMakeFiles/cmTryCompileExec1949302645.dir/CheckSymbolExists.c.o   -c /home/shenyu/distributed_robot_sys/src/build-a_robot_platform-Desktop-Debug/CMakeFiles/CMakeTmp/CheckSymbolExists.c
Linking C executable cmTryCompileExec1949302645
/usr/bin/cmake -E cmake_link_script CMakeFiles/cmTryCompileExec1949302645.dir/link.txt --verbose=1
/usr/bin/cc       CMakeFiles/cmTryCompileExec1949302645.dir/CheckSymbolExists.c.o  -o cmTryCompileExec1949302645 -rdynamic 
CMakeFiles/cmTryCompileExec1949302645.dir/CheckSymbolExists.c.o：在函数‘main’中：
CheckSymbolExists.c:(.text+0x16)：对‘pthread_create’未定义的引用
collect2: error: ld returned 1 exit status
make[1]: *** [cmTryCompileExec1949302645] 错误 1
make[1]:正在离开目录 `/home/shenyu/distributed_robot_sys/src/build-a_robot_platform-Desktop-Debug/CMakeFiles/CMakeTmp'
make: *** [cmTryCompileExec1949302645/fast] 错误 2

File /home/shenyu/distributed_robot_sys/src/build-a_robot_platform-Desktop-Debug/CMakeFiles/CMakeTmp/CheckSymbolExists.c:
/* */
#include <pthread.h>

int main(int argc, char** argv)
{
  (void)argv;
#ifndef pthread_create
  return ((int*)(&pthread_create))[argc];
#else
  (void)argc;
  return 0;
#endif
}

Determining if the function pthread_create exists in the pthreads failed with the following output:
Change Dir: /home/shenyu/distributed_robot_sys/src/build-a_robot_platform-Desktop-Debug/CMakeFiles/CMakeTmp

Run Build Command:/usr/bin/make "cmTryCompileExec842015808/fast"
/usr/bin/make -f CMakeFiles/cmTryCompileExec842015808.dir/build.make CMakeFiles/cmTryCompileExec842015808.dir/build
make[1]: 正在进入目录 `/home/shenyu/distributed_robot_sys/src/build-a_robot_platform-Desktop-Debug/CMakeFiles/CMakeTmp'
/usr/bin/cmake -E cmake_progress_report /home/shenyu/distributed_robot_sys/src/build-a_robot_platform-Desktop-Debug/CMakeFiles/CMakeTmp/CMakeFiles 1
Building C object CMakeFiles/cmTryCompileExec842015808.dir/CheckFunctionExists.c.o
/usr/bin/cc   -DCHECK_FUNCTION_EXISTS=pthread_create   -o CMakeFiles/cmTryCompileExec842015808.dir/CheckFunctionExists.c.o   -c /usr/share/cmake-2.8/Modules/CheckFunctionExists.c
Linking C executable cmTryCompileExec842015808
/usr/bin/cmake -E cmake_link_script CMakeFiles/cmTryCompileExec842015808.dir/link.txt --verbose=1
/usr/bin/cc   -DCHECK_FUNCTION_EXISTS=pthread_create    CMakeFiles/cmTryCompileExec842015808.dir/CheckFunctionExists.c.o  -o cmTryCompileExec842015808 -rdynamic -lpthreads 
/usr/bin/ld: 找不到 -lpthreads
collect2: error: ld returned 1 exit status
make[1]: *** [cmTryCompileExec842015808] 错误 1
make[1]:正在离开目录 `/home/shenyu/distributed_robot_sys/src/build-a_robot_platform-Desktop-Debug/CMakeFiles/CMakeTmp'
make: *** [cmTryCompileExec842015808/fast] 错误 2


